2024-06-15 22:02:39,619 :INFO : utilities.baseclass : Starting end-to-end test
2024-06-15 22:02:44,859 :INFO : utilities.baseclass : Getting all the card results
2024-06-15 22:02:45,004 :INFO : utilities.baseclass : The actual and expected list are the same
2024-06-15 22:02:45,004 :INFO : utilities.baseclass : All items are added to cart with 'ber' keyword items
2024-06-15 22:02:45,036 :INFO : utilities.baseclass : Click on cart is done
2024-06-15 22:02:50,072 :INFO : utilities.baseclass : Proceed to checkout done
2024-06-15 22:02:55,217 :INFO : utilities.baseclass : Promo code is filled
2024-06-15 22:02:55,322 :INFO : utilities.baseclass : Click on apply promo code button is done
2024-06-15 22:03:25,029 :INFO : utilities.baseclass : Starting end-to-end test
2024-06-15 22:03:30,241 :INFO : utilities.baseclass : Getting all the card results
2024-06-15 22:03:30,332 :INFO : utilities.baseclass : The actual and expected list are the same
2024-06-15 22:03:30,332 :INFO : utilities.baseclass : All items are added to cart with 'ber' keyword items
2024-06-15 22:03:30,365 :INFO : utilities.baseclass : Click on cart is done
2024-06-16 13:38:40,191 :INFO : utilities.baseclass : Starting end-to-end test
2024-06-16 13:38:45,375 :INFO : utilities.baseclass : Getting all the card results
2024-06-16 13:38:45,544 :INFO : utilities.baseclass : The actual and expected list are the same
2024-06-16 13:38:45,544 :INFO : utilities.baseclass : All items are added to cart with 'ber' keyword items
2024-06-16 13:38:45,586 :INFO : utilities.baseclass : Click on cart is done
2024-06-16 13:38:50,687 :INFO : utilities.baseclass : Proceed to checkout done
2024-06-16 13:38:55,804 :INFO : utilities.baseclass : Promo code is filled
2024-06-16 13:38:55,848 :INFO : utilities.baseclass : Click on apply promo code button is done
2024-06-16 13:39:02,099 :INFO : utilities.baseclass : Promo info: Code applied ..!
2024-06-16 13:39:02,100 :INFO : utilities.baseclass : Promo code applied successfully
2024-06-16 13:39:02,127 :INFO : utilities.baseclass : Sum of the item prices: 388
2024-06-16 13:39:02,139 :INFO : utilities.baseclass : Final amount of the items: ₹388
2024-06-16 13:39:02,154 :INFO : utilities.baseclass : Discounted price: 349.2
2024-06-16 13:39:02,154 :INFO : utilities.baseclass : Discount promo code applied successfully
2024-06-16 13:39:02,192 :INFO : utilities.baseclass : Place order button clicked
2024-06-16 13:39:02,245 :INFO : utilities.baseclass : Selected country: India
2024-06-16 13:39:02,273 :INFO : utilities.baseclass : Accepted terms and conditions
2024-06-16 13:39:02,300 :INFO : utilities.baseclass : Proceed button clicked
2024-06-16 13:39:02,300 :INFO : utilities.baseclass : --- End of Test ---
2024-06-16 14:08:05,454 :INFO : utilities.baseclass : Starting end-to-end test
2024-06-16 14:08:10,732 :INFO : utilities.baseclass : Getting all the card results
2024-06-16 14:08:10,915 :INFO : utilities.baseclass : The actual and expected list are the same
2024-06-16 14:08:10,915 :INFO : utilities.baseclass : All items are added to cart with 'ber' keyword items
2024-06-16 14:08:10,954 :INFO : utilities.baseclass : Click on cart is done
2024-06-16 14:08:16,063 :INFO : utilities.baseclass : Proceed to checkout done
2024-06-16 14:08:21,199 :INFO : utilities.baseclass : Promo code is filled
2024-06-16 14:08:21,254 :INFO : utilities.baseclass : Click on apply promo code button is done
2024-06-16 14:08:26,801 :INFO : utilities.baseclass : Promo info: Code applied ..!
2024-06-16 14:08:26,802 :INFO : utilities.baseclass : Promo code applied successfully
2024-06-16 14:08:26,830 :INFO : utilities.baseclass : Sum of the item prices: 388
2024-06-16 14:08:26,845 :INFO : utilities.baseclass : Final amount of the items: ₹388
2024-06-16 14:08:26,858 :INFO : utilities.baseclass : Discounted price: 349.2
2024-06-16 14:08:26,858 :INFO : utilities.baseclass : Discount promo code applied successfully
2024-06-16 14:08:26,909 :INFO : utilities.baseclass : Place order button clicked
2024-06-16 14:08:26,967 :INFO : utilities.baseclass : Selected country: India
2024-06-16 14:08:26,998 :INFO : utilities.baseclass : Accepted terms and conditions
2024-06-16 14:08:27,026 :INFO : utilities.baseclass : Proceed button clicked
2024-06-16 14:08:27,026 :INFO : utilities.baseclass : --- End of Test ---
2024-06-16 14:16:51,908 :INFO : utilities.baseclass : Starting end-to-end test
2024-06-16 14:16:57,379 :INFO : utilities.baseclass : Getting all the card results
2024-06-16 14:16:57,610 :INFO : utilities.baseclass : The actual and expected list are the same
2024-06-16 14:16:57,611 :INFO : utilities.baseclass : All items are added to cart with 'ber' keyword items
2024-06-16 14:16:57,682 :INFO : utilities.baseclass : Click on cart is done
2024-06-16 14:17:02,803 :INFO : utilities.baseclass : Proceed to checkout done
2024-06-16 14:17:07,933 :INFO : utilities.baseclass : Promo code is filled
2024-06-16 14:17:08,001 :INFO : utilities.baseclass : Click on apply promo code button is done
2024-06-16 14:17:13,771 :INFO : utilities.baseclass : Promo info: Code applied ..!
2024-06-16 14:17:13,771 :INFO : utilities.baseclass : Promo code applied successfully
2024-06-16 14:17:13,797 :INFO : utilities.baseclass : Sum of the item prices: 388
2024-06-16 14:17:13,810 :INFO : utilities.baseclass : Final amount of the items: ₹388
2024-06-16 14:17:13,825 :INFO : utilities.baseclass : Discounted price: 349.2
2024-06-16 14:17:13,826 :INFO : utilities.baseclass : Discount promo code applied successfully
2024-06-16 14:17:13,880 :INFO : utilities.baseclass : Place order button clicked
2024-06-16 14:17:13,953 :INFO : utilities.baseclass : Selected country: India
2024-06-16 14:17:13,984 :INFO : utilities.baseclass : Accepted terms and conditions
2024-06-16 14:17:14,015 :INFO : utilities.baseclass : Proceed button clicked
2024-06-16 14:17:14,015 :INFO : utilities.baseclass : --- End of Test ---
2024-06-16 14:19:12,574 :INFO : utilities.baseclass : Starting end-to-end test
2024-06-16 14:19:18,047 :INFO : utilities.baseclass : Getting all the card results
2024-06-16 14:19:18,180 :INFO : utilities.baseclass : The actual and expected list are the same
2024-06-16 14:19:18,181 :INFO : utilities.baseclass : All items are added to cart with 'ber' keyword items
2024-06-16 14:19:18,203 :INFO : utilities.baseclass : Click on cart is done
2024-06-16 14:20:12,890 :INFO : utilities.baseclass : Starting end-to-end test
2024-06-16 14:20:18,034 :INFO : utilities.baseclass : Getting all the card results
2024-06-16 14:20:18,205 :INFO : utilities.baseclass : The actual and expected list are the same
2024-06-16 14:20:18,205 :INFO : utilities.baseclass : All items are added to cart with 'ber' keyword items
2024-06-16 14:20:18,236 :INFO : utilities.baseclass : Click on cart is done
2024-06-16 14:20:23,341 :INFO : utilities.baseclass : Proceed to checkout done
2024-06-16 14:20:28,605 :INFO : utilities.baseclass : Promo code is filled
2024-06-16 14:20:28,683 :INFO : utilities.baseclass : Click on apply promo code button is done
2024-06-16 14:21:13,941 :INFO : utilities.baseclass : Starting end-to-end test
2024-06-16 14:21:19,208 :INFO : utilities.baseclass : Getting all the card results
2024-06-16 14:21:19,388 :INFO : utilities.baseclass : The actual and expected list are the same
2024-06-16 14:21:19,388 :INFO : utilities.baseclass : All items are added to cart with 'ber' keyword items
2024-06-16 14:21:19,441 :INFO : utilities.baseclass : Click on cart is done
2024-06-16 14:21:24,480 :INFO : utilities.baseclass : Proceed to checkout done
2024-06-16 14:21:29,610 :INFO : utilities.baseclass : Promo code is filled
2024-06-16 14:21:29,654 :INFO : utilities.baseclass : Click on apply promo code button is done
2024-06-16 14:21:34,856 :INFO : utilities.baseclass : Promo info: Code applied ..!
2024-06-16 14:21:34,857 :INFO : utilities.baseclass : Promo code applied successfully
2024-06-16 14:21:34,884 :INFO : utilities.baseclass : Sum of the item prices: 388
2024-06-16 14:21:34,896 :INFO : utilities.baseclass : Final amount of the items: ₹388
2024-06-16 14:21:34,907 :INFO : utilities.baseclass : Discounted price: 349.2
2024-06-16 14:21:34,908 :INFO : utilities.baseclass : Discount promo code applied successfully
2024-06-16 14:21:34,943 :INFO : utilities.baseclass : Place order button clicked
2024-06-16 14:21:35,135 :INFO : utilities.baseclass : Selected country: India
2024-06-16 14:21:35,254 :INFO : utilities.baseclass : Accepted terms and conditions
2024-06-16 14:21:35,282 :INFO : utilities.baseclass : Proceed button clicked
2024-06-16 14:21:35,282 :INFO : utilities.baseclass : --- End of Test ---
2024-06-16 14:22:26,116 :INFO : utilities.baseclass : Starting end-to-end test
2024-06-16 14:22:31,303 :INFO : utilities.baseclass : Getting all the card results
2024-06-16 14:22:31,486 :INFO : utilities.baseclass : The actual and expected list are the same
2024-06-16 14:22:31,486 :INFO : utilities.baseclass : All items are added to cart with 'ber' keyword items
2024-06-16 14:22:31,517 :INFO : utilities.baseclass : Click on cart is done
2024-06-16 14:22:36,621 :INFO : utilities.baseclass : Proceed to checkout done
2024-06-16 14:22:41,758 :INFO : utilities.baseclass : Promo code is filled
2024-06-16 14:22:41,804 :INFO : utilities.baseclass : Click on apply promo code button is done
2024-06-16 14:23:42,498 :INFO : utilities.baseclass : Starting end-to-end test
2024-06-16 14:23:47,675 :INFO : utilities.baseclass : Getting all the card results
2024-06-16 14:23:47,800 :INFO : utilities.baseclass : The actual and expected list are the same
2024-06-16 14:23:47,800 :INFO : utilities.baseclass : All items are added to cart with 'ber' keyword items
2024-06-16 14:23:47,832 :INFO : utilities.baseclass : Click on cart is done
2024-06-16 14:24:54,714 :INFO : utilities.baseclass : Starting end-to-end test
2024-06-16 14:25:00,020 :INFO : utilities.baseclass : Getting all the card results
2024-06-16 14:25:00,115 :INFO : utilities.baseclass : The actual and expected list are the same
2024-06-16 14:25:00,115 :INFO : utilities.baseclass : All items are added to cart with 'ber' keyword items
2024-06-16 14:25:00,149 :INFO : utilities.baseclass : Click on cart is done
2024-06-16 14:26:38,169 :INFO : utilities.baseclass : Starting end-to-end test
2024-06-16 14:26:43,385 :INFO : utilities.baseclass : Getting all the card results
2024-06-16 14:26:43,557 :INFO : utilities.baseclass : The actual and expected list are the same
2024-06-16 14:26:43,558 :INFO : utilities.baseclass : All items are added to cart with 'ber' keyword items
2024-06-16 14:26:43,595 :INFO : utilities.baseclass : Click on cart is done
2024-06-16 14:26:48,634 :INFO : utilities.baseclass : Proceed to checkout done
2024-06-16 14:26:53,701 :INFO : utilities.baseclass : Promo code is filled
2024-06-16 14:26:53,749 :INFO : utilities.baseclass : Click on apply promo code button is done
2024-06-16 14:26:58,793 :INFO : utilities.baseclass : Promo info: Code applied ..!
2024-06-16 14:26:58,794 :INFO : utilities.baseclass : Promo code applied successfully
2024-06-16 14:26:58,826 :INFO : utilities.baseclass : Sum of the item prices: 388
2024-06-16 14:26:58,840 :INFO : utilities.baseclass : Final amount of the items: ₹388
2024-06-16 14:26:58,852 :INFO : utilities.baseclass : Discounted price: 349.2
2024-06-16 14:26:58,852 :INFO : utilities.baseclass : Discount promo code applied successfully
2024-06-16 14:26:58,902 :INFO : utilities.baseclass : Place order button clicked
2024-06-16 14:26:59,253 :INFO : utilities.baseclass : Selected country: India
2024-06-16 14:26:59,319 :INFO : utilities.baseclass : Accepted terms and conditions
2024-06-16 14:26:59,357 :INFO : utilities.baseclass : Proceed button clicked
2024-06-16 14:26:59,357 :INFO : utilities.baseclass : --- End of Test ---
2024-06-16 14:28:07,689 :INFO : utilities.baseclass : Starting end-to-end test
2024-06-16 14:28:12,890 :INFO : utilities.baseclass : Getting all the card results
2024-06-16 14:28:13,059 :INFO : utilities.baseclass : The actual and expected list are the same
2024-06-16 14:28:13,060 :INFO : utilities.baseclass : All items are added to cart with 'ber' keyword items
2024-06-16 14:28:13,152 :INFO : utilities.baseclass : Click on cart is done
2024-06-16 14:28:18,268 :INFO : utilities.baseclass : Proceed to checkout done
2024-06-16 14:28:23,395 :INFO : utilities.baseclass : Promo code is filled
2024-06-16 14:28:23,651 :INFO : utilities.baseclass : Click on apply promo code button is done
2024-06-16 14:28:29,570 :INFO : utilities.baseclass : Promo info: Code applied ..!
2024-06-16 14:28:29,570 :INFO : utilities.baseclass : Promo code applied successfully
2024-06-16 14:28:29,604 :INFO : utilities.baseclass : Sum of the item prices: 388
2024-06-16 14:28:29,621 :INFO : utilities.baseclass : Final amount of the items: ₹388
2024-06-16 14:28:29,639 :INFO : utilities.baseclass : Discounted price: 349.2
2024-06-16 14:28:29,639 :INFO : utilities.baseclass : Discount promo code applied successfully
2024-06-16 14:28:29,715 :INFO : utilities.baseclass : Place order button clicked
2024-06-16 14:28:32,008 :INFO : utilities.baseclass : Selected country: India
2024-06-16 14:28:34,091 :INFO : utilities.baseclass : Accepted terms and conditions
2024-06-16 14:28:36,366 :INFO : utilities.baseclass : Proceed button clicked
2024-06-16 14:28:38,443 :INFO : utilities.baseclass : --- End of Test ---
2024-06-16 14:29:02,757 :INFO : utilities.baseclass : Starting end-to-end test
2024-06-16 14:29:08,024 :INFO : utilities.baseclass : Getting all the card results
2024-06-16 14:29:08,115 :INFO : utilities.baseclass : The actual and expected list are the same
2024-06-16 14:29:08,115 :INFO : utilities.baseclass : All items are added to cart with 'ber' keyword items
2024-06-16 14:29:08,132 :INFO : utilities.baseclass : Click on cart is done
2024-06-16 14:29:39,771 :INFO : utilities.baseclass : Starting end-to-end test
2024-06-16 14:29:44,934 :INFO : utilities.baseclass : Getting all the card results
2024-06-16 14:29:45,086 :INFO : utilities.baseclass : The actual and expected list are the same
2024-06-16 14:29:45,087 :INFO : utilities.baseclass : All items are added to cart with 'ber' keyword items
2024-06-16 14:29:45,118 :INFO : utilities.baseclass : Click on cart is done
2024-06-16 14:29:50,156 :INFO : utilities.baseclass : Proceed to checkout done
2024-06-16 14:29:55,239 :INFO : utilities.baseclass : Promo code is filled
2024-06-16 14:29:55,367 :INFO : utilities.baseclass : Click on apply promo code button is done
2024-06-16 14:30:53,349 :INFO : utilities.baseclass : Starting end-to-end test
2024-06-16 14:30:58,559 :INFO : utilities.baseclass : Getting all the card results
2024-06-16 14:30:58,720 :INFO : utilities.baseclass : The actual and expected list are the same
2024-06-16 14:30:58,720 :INFO : utilities.baseclass : All items are added to cart with 'ber' keyword items
2024-06-16 14:30:58,757 :INFO : utilities.baseclass : Click on cart is done
2024-06-16 14:31:03,796 :INFO : utilities.baseclass : Proceed to checkout done
2024-06-16 14:31:08,855 :INFO : utilities.baseclass : Promo code is filled
2024-06-16 14:31:08,900 :INFO : utilities.baseclass : Click on apply promo code button is done
2024-06-16 14:32:37,164 :INFO : utilities.baseclass : Starting end-to-end test
2024-06-16 14:32:42,446 :INFO : utilities.baseclass : Getting all the card results
2024-06-16 14:32:42,532 :INFO : utilities.baseclass : The actual and expected list are the same
2024-06-16 14:32:42,533 :INFO : utilities.baseclass : All items are added to cart with 'ber' keyword items
2024-06-16 14:32:42,566 :INFO : utilities.baseclass : Click on cart is done
2024-06-16 14:34:47,052 :INFO : utilities.baseclass : Starting end-to-end test
2024-06-16 14:34:52,182 :INFO : utilities.baseclass : Getting all the card results
2024-06-16 14:34:52,303 :INFO : utilities.baseclass : The actual and expected list are the same
2024-06-16 14:34:52,304 :INFO : utilities.baseclass : All items are added to cart with 'ber' keyword items
2024-06-16 14:34:52,333 :INFO : utilities.baseclass : Click on cart is done
2024-06-16 14:35:19,837 :INFO : utilities.baseclass : Starting end-to-end test
2024-06-16 14:35:24,973 :INFO : utilities.baseclass : Getting all the card results
2024-06-16 14:35:25,573 :INFO : utilities.baseclass : The actual and expected list are the same
2024-06-16 14:35:25,573 :INFO : utilities.baseclass : All items are added to cart with 'ber' keyword items
2024-06-16 14:35:25,603 :INFO : utilities.baseclass : Click on cart is done
2024-06-16 14:35:30,644 :INFO : utilities.baseclass : Proceed to checkout done
2024-06-16 14:35:35,759 :INFO : utilities.baseclass : Promo code is filled
2024-06-16 14:35:38,182 :INFO : utilities.baseclass : Click on apply promo code button is done
2024-06-16 14:35:43,826 :INFO : utilities.baseclass : Promo info: Code applied ..!
2024-06-16 14:35:43,826 :INFO : utilities.baseclass : Promo code applied successfully
2024-06-16 14:35:43,839 :INFO : utilities.baseclass : Sum of the item prices: 388
2024-06-16 14:35:43,846 :INFO : utilities.baseclass : Final amount of the items: ₹388
2024-06-16 14:35:43,853 :INFO : utilities.baseclass : Discounted price: 349.2
2024-06-16 14:35:43,853 :INFO : utilities.baseclass : Discount promo code applied successfully
2024-06-16 14:35:43,903 :INFO : utilities.baseclass : Place order button clicked
2024-06-16 14:51:47,993 :INFO : utilities.baseclass : Starting end-to-end test
2024-06-16 14:51:53,198 :INFO : utilities.baseclass : Getting all the card results
2024-06-16 14:51:53,372 :INFO : utilities.baseclass : The actual and expected list are the same
2024-06-16 14:51:53,372 :INFO : utilities.baseclass : All items are added to cart with 'ber' keyword items
2024-06-16 14:51:53,411 :INFO : utilities.baseclass : Click on cart is done
2024-06-16 14:51:58,506 :INFO : utilities.baseclass : Proceed to checkout done
2024-06-16 14:52:03,614 :INFO : utilities.baseclass : Promo code is filled
